===== TRAIN warm_on  Wed Jul  1 06:21:31 PM MDT 2026 =====
warm-start init from outputs/probe_archaludon_medium_long/best.pt  cfg=d384/L8 option_rank=True card_meta=True  parent={'gate_wr': 0.655, 'iter': 850}
       load_state_dict(strict=False): missing=['card_meta_table', 'card_meta_proj.weight'] unexpected=[]
train  size=small(15.8M, non-emb 14.7M)  option_rank=True  card_meta=True  opponent=self  deck=archaludon_genesect_swap.csv  device=cpu
       iters=30 games/iter=48 epochs=2 mb=256 lr=3e-05->1e-05 ent~target=0.1(adaptive) kl_cut=1.5 gamma=0.997
       collector=dist(W=7)  league: self=1.0 past=2.0(≤4) + manifest[kaggle:archaludon=1.5, kaggle:starmie=1.5, kaggle:dragapult=1.5, kaggle:alakazam=1.5, kaggle:romanrozen_v10=1, heuristic=0.5, random=0.3]  gate[pool|floor>55%]/30g every 10 vs self, past, archaludon, starmie, dragapult, alakazam, romanrozen_v10, heuristic, random

it   1  N= 3322  pg=-0.008 vf=0.069 ent=0.899 entc=0.0200 kl=+0.012 clip=0.08 upd=26 lr=3.0e-05 pool=1  227.0s
it   2  N= 2983  pg=-0.008 vf=0.070 ent=0.903 entc=0.0200 kl=+0.008 clip=0.05 upd=24 lr=2.9e-05 pool=1  194.0s
it   3  N= 3552  pg=-0.007 vf=0.059 ent=0.862 entc=0.0200 kl=+0.006 clip=0.05 upd=28 lr=2.9e-05 pool=1  220.4s
it   4  N= 3228  pg=-0.007 vf=0.053 ent=0.867 entc=0.0200 kl=+0.005 clip=0.05 upd=26 lr=2.8e-05 pool=1  210.4s
it   5  N= 3900  pg=-0.010 vf=0.058 ent=0.892 entc=0.0200 kl=+0.011 clip=0.05 upd=32 lr=2.7e-05 pool=2  246.6s
it   6  N= 3516  pg=-0.007 vf=0.055 ent=0.868 entc=0.0200 kl=+0.006 clip=0.05 upd=28 lr=2.7e-05 pool=2  214.1s
it   7  N= 3761  pg=-0.005 vf=0.052 ent=0.879 entc=0.0200 kl=+0.003 clip=0.04 upd=30 lr=2.6e-05 pool=2  226.3s
it   8  N= 3093  pg=+0.002 vf=0.044 ent=0.924 entc=0.0200 kl=+0.005 clip=0.04 upd=26 lr=2.5e-05 pool=2  192.1s
it   9  N= 3809  pg=-0.007 vf=0.061 ent=0.893 entc=0.0200 kl=+0.006 clip=0.05 upd=30 lr=2.4e-05 pool=2  247.5s
it  10  N= 3443  pg=-0.008 vf=0.061 ent=0.916 entc=0.0200 kl=+0.002 clip=0.03 upd=28 lr=2.4e-05 pool=3  237.5s  | gate pool 67.6% [self 70 | past 42 | archaludon 67 | starmie 83 | dragapult 77 | alakazam 63 | romanrozen_v10 73 | heuristic 77 | random 100]  [PROMOTED]  | eval: random 98.8%(n=80)  | mix: alakazam 10g/80%  dragapult 8g/50%  archaludon 7g/43%  starmie 7g/86%  heuristic 1g/0%  self 5g/40%  it5 5g/60%  parent 4g/75%  romanrozen_v10 1g/100%
it  11  N= 3215  pg=-0.013 vf=0.048 ent=0.922 entc=0.0200 kl=+0.004 clip=0.03 upd=26 lr=2.3e-05 pool=3  216.1s
it  12  N= 3764  pg=-0.008 vf=0.052 ent=0.882 entc=0.0200 kl=+0.006 clip=0.05 upd=30 lr=2.2e-05 pool=3  232.6s
it  13  N= 3285  pg=-0.008 vf=0.055 ent=0.879 entc=0.0200 kl=+0.006 clip=0.03 upd=26 lr=2.2e-05 pool=3  211.0s
it  14  N= 4058  pg=-0.007 vf=0.060 ent=0.882 entc=0.0200 kl=+0.006 clip=0.05 upd=32 lr=2.1e-05 pool=3  260.3s
it  15  N= 2885  pg=+0.002 vf=0.055 ent=0.885 entc=0.0200 kl=+0.005 clip=0.03 upd=24 lr=2.0e-05 pool=4  180.1s
it  16  N= 3081  pg=-0.016 vf=0.046 ent=0.876 entc=0.0200 kl=+0.004 clip=0.03 upd=26 lr=2.0e-05 pool=4  200.5s
it  17  N= 3712  pg=-0.007 vf=0.052 ent=0.896 entc=0.0200 kl=+0.005 clip=0.04 upd=30 lr=1.9e-05 pool=4  247.2s
it  18  N= 3325  pg=-0.005 vf=0.058 ent=0.887 entc=0.0200 kl=+0.003 clip=0.02 upd=26 lr=1.8e-05 pool=4  202.3s
it  19  N= 3286  pg=-0.007 vf=0.042 ent=0.906 entc=0.0200 kl=+0.003 clip=0.02 upd=26 lr=1.8e-05 pool=4  214.8s
it  20  N= 2912  pg=-0.010 vf=0.062 ent=0.891 entc=0.0200 kl=+0.004 clip=0.03 upd=24 lr=1.7e-05 pool=4  186.3s  | gate pool 67.0% [self 63 | past 47 | archaludon 57 | starmie 93 | dragapult 70 | alakazam 57 | romanrozen_v10 83 | heuristic 77 | random 100]  | eval: random 100.0%(n=80)  | mix: random 2g/100%  alakazam 9g/56%  starmie 11g/82%  archaludon 5g/80%  dragapult 8g/88%  heuristic 4g/50%  parent 2g/0%  it10 1g/0%  romanrozen_v10 2g/50%  it5 1g/0%  self 2g/100%  it15 1g/0%
it  21  N= 3095  pg=-0.006 vf=0.062 ent=0.876 entc=0.0200 kl=+0.007 clip=0.03 upd=26 lr=1.6e-05 pool=4  202.3s
it  22  N= 3045  pg=-0.007 vf=0.053 ent=0.848 entc=0.0200 kl=+0.001 clip=0.02 upd=24 lr=1.6e-05 pool=4  178.3s
it  23  N= 3715  pg=-0.003 vf=0.066 ent=0.861 entc=0.0200 kl=+0.004 clip=0.02 upd=30 lr=1.5e-05 pool=4  233.6s
it  24  N= 2987  pg=-0.006 vf=0.065 ent=0.886 entc=0.0200 kl=+0.002 clip=0.01 upd=24 lr=1.4e-05 pool=4  191.8s
it  25  N= 3051  pg=-0.005 vf=0.058 ent=0.839 entc=0.0200 kl=+0.001 clip=0.02 upd=24 lr=1.3e-05 pool=4  195.7s
it  26  N= 3277  pg=-0.006 vf=0.053 ent=0.884 entc=0.0200 kl=+0.001 clip=0.01 upd=26 lr=1.3e-05 pool=4  218.0s
it  27  N= 3667  pg=-0.009 vf=0.054 ent=0.843 entc=0.0200 kl=+0.002 clip=0.03 upd=30 lr=1.2e-05 pool=4  225.8s
it  28  N= 3398  pg=-0.001 vf=0.052 ent=0.849 entc=0.0200 kl=+0.002 clip=0.02 upd=28 lr=1.1e-05 pool=4  224.5s
it  29  N= 3426  pg=-0.005 vf=0.057 ent=0.829 entc=0.0200 kl=+0.001 clip=0.01 upd=28 lr=1.1e-05 pool=4  212.5s
it  30  N= 3419  pg=-0.005 vf=0.057 ent=0.842 entc=0.0200 kl=+0.002 clip=0.01 upd=28 lr=1.0e-05 pool=4  211.5s  | gate pool 68.5% [self 50 | past 58 | archaludon 67 | starmie 97 | dragapult 70 | alakazam 43 | romanrozen_v10 87 | heuristic 83 | random 100]  [PROMOTED]  | eval: random 100.0%(n=80)  | mix: dragapult 6g/67%  random 1g/100%  romanrozen_v10 4g/100%  starmie 6g/67%  archaludon 5g/40%  alakazam 8g/50%  heuristic 3g/67%  it25 3g/0%  self 8g/25%  it15 2g/100%  it20 1g/0%  it10 1g/0%

done. best gate pool = 68.5%  ->  outputs/coevo_meta/warm_on
