===== TRAIN warm_off  Wed Jul  1 04:18:58 PM MDT 2026 =====
warm-start init from outputs/probe_archaludon_medium_long/best.pt  cfg=d384/L8 option_rank=True card_meta=False  parent={'gate_wr': 0.655, 'iter': 850}
       load_state_dict(strict=False): missing=[] unexpected=[]
train  size=small(15.8M, non-emb 14.7M)  option_rank=True  card_meta=False  opponent=self  deck=archaludon_genesect_swap.csv  device=cpu
       iters=30 games/iter=48 epochs=2 mb=256 lr=3e-05->1e-05 ent~target=0.1(adaptive) kl_cut=1.5 gamma=0.997
       collector=dist(W=7)  league: self=1.0 past=2.0(≤4) + manifest[kaggle:archaludon=1.5, kaggle:starmie=1.5, kaggle:dragapult=1.5, kaggle:alakazam=1.5, kaggle:romanrozen_v10=1, heuristic=0.5, random=0.3]  gate[pool|floor>55%]/30g every 10 vs self, past, archaludon, starmie, dragapult, alakazam, romanrozen_v10, heuristic, random

it   1  N= 3554  pg=-0.010 vf=0.056 ent=0.903 entc=0.0200 kl=+0.014 clip=0.09 upd=28 lr=3.0e-05 pool=1  178.2s
it   2  N= 2971  pg=-0.008 vf=0.065 ent=0.918 entc=0.0200 kl=+0.007 clip=0.05 upd=24 lr=2.9e-05 pool=1  167.7s
it   3  N= 3534  pg=-0.005 vf=0.059 ent=0.876 entc=0.0200 kl=+0.004 clip=0.04 upd=28 lr=2.9e-05 pool=1  227.6s
it   4  N= 3278  pg=-0.009 vf=0.054 ent=0.897 entc=0.0200 kl=+0.007 clip=0.06 upd=26 lr=2.8e-05 pool=1  217.2s
it   5  N= 3898  pg=-0.000 vf=0.052 ent=0.870 entc=0.0200 kl=+0.006 clip=0.05 upd=32 lr=2.7e-05 pool=2  266.4s
it   6  N= 3411  pg=-0.011 vf=0.058 ent=0.862 entc=0.0200 kl=+0.005 clip=0.03 upd=28 lr=2.7e-05 pool=2  219.0s
it   7  N= 3882  pg=-0.014 vf=0.058 ent=0.835 entc=0.0200 kl=+0.008 clip=0.06 upd=32 lr=2.6e-05 pool=2  243.6s
it   8  N= 3149  pg=-0.004 vf=0.060 ent=0.846 entc=0.0200 kl=+0.008 clip=0.06 upd=26 lr=2.5e-05 pool=2  197.3s
it   9  N= 3465  pg=-0.006 vf=0.047 ent=0.873 entc=0.0200 kl=+0.004 clip=0.04 upd=28 lr=2.4e-05 pool=2  224.1s
it  10  N= 3375  pg=-0.012 vf=0.064 ent=0.867 entc=0.0200 kl=+0.007 clip=0.04 upd=28 lr=2.4e-05 pool=3  206.8s  | gate pool 63.6% [self 53 | past 48 | archaludon 53 | starmie 93 | dragapult 63 | alakazam 47 | romanrozen_v10 80 | heuristic 83 | random 100]  [PROMOTED]  | eval: random 100.0%(n=80)  | mix: alakazam 10g/50%  starmie 7g/71%  dragapult 8g/38%  parent 4g/50%  self 5g/80%  archaludon 7g/43%  heuristic 1g/100%  it5 5g/40%  romanrozen_v10 1g/100%
it  11  N= 3027  pg=-0.009 vf=0.068 ent=0.861 entc=0.0200 kl=+0.001 clip=0.03 upd=24 lr=2.3e-05 pool=3  203.3s
it  12  N= 3574  pg=-0.006 vf=0.065 ent=0.874 entc=0.0200 kl=+0.006 clip=0.04 upd=28 lr=2.2e-05 pool=3  231.3s
it  13  N= 3205  pg=-0.007 vf=0.068 ent=0.891 entc=0.0200 kl=+0.004 clip=0.03 upd=26 lr=2.2e-05 pool=3  221.1s
it  14  N= 4103  pg=+0.025 vf=0.059 ent=0.860 entc=0.0200 kl=+0.002 clip=0.04 upd=34 lr=2.1e-05 pool=3  268.5s
it  15  N= 3206  pg=-0.007 vf=0.067 ent=0.883 entc=0.0200 kl=+0.002 clip=0.03 upd=26 lr=2.0e-05 pool=4  203.5s
it  16  N= 3230  pg=-0.007 vf=0.047 ent=0.877 entc=0.0200 kl=+0.003 clip=0.04 upd=26 lr=2.0e-05 pool=4  199.8s
it  17  N= 3007  pg=-0.006 vf=0.069 ent=0.859 entc=0.0200 kl=+0.001 clip=0.03 upd=24 lr=1.9e-05 pool=4  192.7s
it  18  N= 3047  pg=-0.007 vf=0.060 ent=0.859 entc=0.0200 kl=+0.003 clip=0.03 upd=24 lr=1.8e-05 pool=4  183.2s
it  19  N= 3284  pg=-0.004 vf=0.053 ent=0.851 entc=0.0200 kl=+0.004 clip=0.04 upd=26 lr=1.8e-05 pool=4  223.4s
it  20  N= 3228  pg=-0.005 vf=0.066 ent=0.902 entc=0.0200 kl=+0.002 clip=0.02 upd=26 lr=1.7e-05 pool=4  209.9s  | gate pool 64.0% [self 43 | past 57 | archaludon 37 | starmie 100 | dragapult 67 | alakazam 63 | romanrozen_v10 67 | heuristic 77 | random 100]  [PROMOTED]  | eval: random 100.0%(n=80)  | mix: starmie 11g/91%  dragapult 8g/75%  alakazam 9g/89%  random 2g/100%  archaludon 5g/20%  heuristic 4g/75%  it10 1g/100%  parent 2g/50%  romanrozen_v10 2g/100%  it5 1g/0%  self 2g/0%  it15 1g/100%
it  21  N= 2888  pg=-0.003 vf=0.057 ent=0.848 entc=0.0200 kl=+0.000 clip=0.02 upd=24 lr=1.6e-05 pool=4  183.4s
it  22  N= 2864  pg=+0.002 vf=0.058 ent=0.861 entc=0.0200 kl=+0.003 clip=0.02 upd=24 lr=1.6e-05 pool=4  180.7s
it  23  N= 3419  pg=-0.001 vf=0.070 ent=0.868 entc=0.0200 kl=+0.003 clip=0.02 upd=28 lr=1.5e-05 pool=4  233.3s
it  24  N= 2692  pg=-0.005 vf=0.072 ent=0.870 entc=0.0200 kl=+0.001 clip=0.02 upd=22 lr=1.4e-05 pool=4  189.6s
it  25  N= 3317  pg=-0.006 vf=0.067 ent=0.897 entc=0.0200 kl=+0.001 clip=0.02 upd=26 lr=1.3e-05 pool=4  207.7s
it  26  N= 3055  pg=-0.005 vf=0.054 ent=0.916 entc=0.0200 kl=+0.002 clip=0.02 upd=24 lr=1.3e-05 pool=4  210.9s
it  27  N= 3117  pg=-0.003 vf=0.061 ent=0.844 entc=0.0200 kl=+0.001 clip=0.01 upd=26 lr=1.2e-05 pool=4  203.3s
it  28  N= 3117  pg=+0.010 vf=0.063 ent=0.891 entc=0.0200 kl=+0.000 clip=0.01 upd=26 lr=1.1e-05 pool=4  198.7s
it  29  N= 3315  pg=-0.004 vf=0.062 ent=0.882 entc=0.0200 kl=+0.001 clip=0.01 upd=26 lr=1.1e-05 pool=4  220.1s
it  30  N= 3713  pg=-0.004 vf=0.058 ent=0.881 entc=0.0200 kl=+0.002 clip=0.01 upd=30 lr=1.0e-05 pool=4  232.5s  | gate pool 68.4% [self 47 | past 68 | archaludon 53 | starmie 87 | dragapult 67 | alakazam 67 | romanrozen_v10 80 | heuristic 73 | random 97]  [PROMOTED]  | eval: random 100.0%(n=80)  | mix: random 1g/100%  starmie 6g/100%  dragapult 6g/50%  alakazam 8g/38%  archaludon 5g/40%  romanrozen_v10 4g/25%  heuristic 3g/67%  it25 3g/67%  it20 1g/100%  self 8g/25%  it15 2g/50%  it10 1g/100%

done. best gate pool = 68.4%  ->  outputs/coevo_meta/warm_off
